<?xml version="1.0" encoding="UTF-8"?>
<testng-results ignored="0" total="1" passed="1" failed="0" skipped="0">
  <reporter-output>
  </reporter-output>
  <suite started-at="2018-12-29T04:07:40Z" name="Default suite" finished-at="2018-12-29T04:08:30Z" duration-ms="50568">
    <groups>
    </groups>
    <test started-at="2018-12-29T04:07:40Z" name="Default test" finished-at="2018-12-29T04:08:30Z" duration-ms="50568">
      <class name="firsttestngpackage.Amazon2">
        <test-method is-config="true" signature="setBaseURL()[pri:0, instance:firsttestngpackage.Amazon2@2df3b89c]" started-at="2018-12-29T04:07:40Z" name="setBaseURL" finished-at="2018-12-29T04:08:29Z" duration-ms="49506" status="PASS">
          <reporter-output>
          </reporter-output>
        </test-method> <!-- setBaseURL -->
        <test-method signature="b_verifyHomepageTitle()[pri:0, instance:firsttestngpackage.Amazon2@2df3b89c]" started-at="2018-12-29T04:08:29Z" name="b_verifyHomepageTitle" finished-at="2018-12-29T04:08:29Z" duration-ms="36" status="PASS">
          <reporter-output>
          </reporter-output>
        </test-method> <!-- b_verifyHomepageTitle -->
        <test-method is-config="true" signature="afterTest()[pri:0, instance:firsttestngpackage.Amazon2@2df3b89c]" started-at="2018-12-29T04:08:29Z" name="afterTest" finished-at="2018-12-29T04:08:30Z" duration-ms="940" status="PASS">
          <reporter-output>
          </reporter-output>
        </test-method> <!-- afterTest -->
      </class> <!-- firsttestngpackage.Amazon2 -->
    </test> <!-- Default test -->
  </suite> <!-- Default suite -->
</testng-results>
